<?xml version="1.0" encoding="UTF-8"?>
<testsuite xmlns:xsi="http://www.w3.org/2001/XMLSchema-instance" xsi:noNamespaceSchemaLocation="https://maven.apache.org/surefire/maven-surefire-plugin/xsd/surefire-test-report.xsd" version="3.0.2" name="TestSuite" time="41.137" tests="2" errors="0" skipped="0" failures="0">
  <properties>
[...]
</properties>
  <testcase name="invalidUserName" classname="com.qa.tests.LoginTests" time="8.775">
    <system-out><![CDATA[super before method
Login test before method

*********** starting test:invalidUserName*********

actual error text=Login Error
expected error text=Login Error
]]></system-out>
    <system-err><![CDATA[SLF4J(W): No SLF4J providers were found.
SLF4J(W): Defaulting to no-operation (NOP) logger implementation
SLF4J(W): See https://www.slf4j.org/codes.html#noProviders for further details.
]]></system-err>
  </testcase>
  <testcase name="validLogin" classname="com.qa.tests.LoginTests" time="10.366">
    <system-out><![CDATA[Login test after method
super after method
super before method
Login test before method

*********** starting test:validLogin*********

]]></system-out>
  </testcase>
</testsuite>